   0  $accept : %entry% $end

   1  toplevel : EOF
   2           | Command SEMI toplevel

   3  Command : IMPORT STRINGV
   4          | Term
   5          | LCID Binder
   6          | UCID TyBinder

   7  Binder : COLON Type
   8         | EQ Term

   9  Type : ArrowType
  10       | RREF AType
  11       | SSOURCE AType
  12       | SSINK AType
  13       | MUTEX UCID
  14       | RREF LT MutexFields GT AType
  15       | SSOURCE LT MutexFields GT AType
  16       | SSINK LT MutexFields GT AType
  17       | THREAD AType

  18  AType : LPAREN Type RPAREN
  19        | TBOT
  20        | TTOP
  21        | USTRING
  22        | UUNIT
  23        | LT FieldTypes GT
  24        | BOOL
  25        | UCID
  26        | LCURLY FieldTypes RCURLY
  27        | UFLOAT
  28        | NAT

  29  ArrowType : AType ARROW ArrowType
  30            | AType LT MutexFields GT ARROW ArrowType
  31            | AType LSQUARE UCID RSQUARE ARROW ArrowType
  32            | AType LT MutexFields GT LSQUARE UCID RSQUARE ARROW ArrowType
  33            | AType

  34  Term : AppTerm
  35       | LAMBDA LCID COLON Type DOT Term
  36       | LAMBDA USCORE COLON Type DOT Term
  37       | AppTerm COLONEQ AppTerm
  38       | CASE Term OF Cases
  39       | LET LCID EQ Term IN Term
  40       | LET USCORE EQ Term IN Term
  41       | LETREC LCID COLON Type EQ Term IN Term
  42       | IF Term THEN Term ELSE Term
  43       | ACQUIRE Term IN Term
  44       | LAMBDA LT MutexFields GT LCID COLON Type DOT Term
  45       | LAMBDA LT MutexFields GT USCORE COLON Type DOT Term

  46  AppTerm : PathTerm
  47          | AppTerm PathTerm
  48          | REF PathTerm
  49          | BANG PathTerm
  50          | FIX PathTerm
  51          | TIMESFLOAT PathTerm PathTerm
  52          | SUCC PathTerm
  53          | PRED PathTerm
  54          | ISZERO PathTerm
  55          | WAIT PathTerm
  56          | REF LT MutexFields GT PathTerm

  57  AscribeTerm : ATerm AS Type
  58              | ATerm

  59  FieldTypes :
  60             | NEFieldTypes

  61  NEFieldTypes : FieldType
  62               | FieldType COMMA NEFieldTypes

  63  FieldType : LCID COLON Type
  64            | Type

  65  PathTerm : PathTerm DOT LCID
  66           | PathTerm DOT INTV
  67           | AscribeTerm

  68  TermSeq : Term
  69          | Term SEMI TermSeq

  70  ATerm : LPAREN TermSeq RPAREN
  71        | LCID
  72        | STRINGV
  73        | UNIT
  74        | LT LCID EQ Term GT AS Type
  75        | TRUE
  76        | FALSE
  77        | FLOATV
  78        | LCURLY Fields RCURLY
  79        | INTV
  80        | INERT LSQUARE Type RSQUARE
  81        | FORK LCURLY Term RCURLY
  82        | MUTEX LT UCID GT

  83  Cases : Case
  84        | Case VBAR Cases

  85  Case : LT LCID EQ LCID GT DDARROW AppTerm

  86  Fields :
  87         | NEFields

  88  NEFields : Field
  89           | Field COMMA NEFields

  90  Field : LCID EQ Term
  91        | Term

  92  TyBinder :
  93           | EQ Type

  94  MutexFields : UCID
  95              | UCID COMMA MutexFields

  96  %entry% : '\001' toplevel

state 0
	$accept : . %entry% $end  (0)

	'\001'  shift 1
	.  error

	%entry%  goto 2


state 1
	%entry% : '\001' . toplevel  (96)

	IMPORT  shift 3
	LAMBDA  shift 4
	UNIT  shift 5
	REF  shift 6
	CASE  shift 7
	LET  shift 8
	FIX  shift 9
	LETREC  shift 10
	IF  shift 11
	TRUE  shift 12
	FALSE  shift 13
	TIMESFLOAT  shift 14
	SUCC  shift 15
	PRED  shift 16
	ISZERO  shift 17
	INERT  shift 18
	ACQUIRE  shift 19
	FORK  shift 20
	WAIT  shift 21
	MUTEX  shift 22
	UCID  shift 23
	LCID  shift 24
	INTV  shift 25
	FLOATV  shift 26
	STRINGV  shift 27
	BANG  shift 28
	EOF  shift 29
	LCURLY  shift 30
	LPAREN  shift 31
	LT  shift 32
	.  error

	toplevel  goto 33
	Command  goto 34
	Term  goto 35
	AppTerm  goto 36
	PathTerm  goto 37
	AscribeTerm  goto 38
	ATerm  goto 39


state 2
	$accept : %entry% . $end  (0)

	$end  accept


state 3
	Command : IMPORT . STRINGV  (3)

	STRINGV  shift 40
	.  error


state 4
	Term : LAMBDA . LCID COLON Type DOT Term  (35)
	Term : LAMBDA . USCORE COLON Type DOT Term  (36)
	Term : LAMBDA . LT MutexFields GT LCID COLON Type DOT Term  (44)
	Term : LAMBDA . LT MutexFields GT USCORE COLON Type DOT Term  (45)

	LCID  shift 41
	LT  shift 42
	USCORE  shift 43
	.  error


state 5
	ATerm : UNIT .  (73)

	.  reduce 73


state 6
	AppTerm : REF . PathTerm  (48)
	AppTerm : REF . LT MutexFields GT PathTerm  (56)

	UNIT  shift 5
	TRUE  shift 12
	FALSE  shift 13
	INERT  shift 18
	FORK  shift 20
	MUTEX  shift 22
	LCID  shift 44
	INTV  shift 25
	FLOATV  shift 26
	STRINGV  shift 27
	LCURLY  shift 30
	LPAREN  shift 31
	LT  shift 45
	.  error

	PathTerm  goto 46
	AscribeTerm  goto 38
	ATerm  goto 39


state 7
	Term : CASE . Term OF Cases  (38)

	LAMBDA  shift 4
	UNIT  shift 5
	REF  shift 6
	CASE  shift 7
	LET  shift 8
	FIX  shift 9
	LETREC  shift 10
	IF  shift 11
	TRUE  shift 12
	FALSE  shift 13
	TIMESFLOAT  shift 14
	SUCC  shift 15
	PRED  shift 16
	ISZERO  shift 17
	INERT  shift 18
	ACQUIRE  shift 19
	FORK  shift 20
	WAIT  shift 21
	MUTEX  shift 22
	LCID  shift 44
	INTV  shift 25
	FLOATV  shift 26
	STRINGV  shift 27
	BANG  shift 28
	LCURLY  shift 30
	LPAREN  shift 31
	LT  shift 32
	.  error

	Term  goto 47
	AppTerm  goto 36
	PathTerm  goto 37
	AscribeTerm  goto 38
	ATerm  goto 39


state 8
	Term : LET . LCID EQ Term IN Term  (39)
	Term : LET . USCORE EQ Term IN Term  (40)

	LCID  shift 48
	USCORE  shift 49
	.  error


state 9
	AppTerm : FIX . PathTerm  (50)

	UNIT  shift 5
	TRUE  shift 12
	FALSE  shift 13
	INERT  shift 18
	FORK  shift 20
	MUTEX  shift 22
	LCID  shift 44
	INTV  shift 25
	FLOATV  shift 26
	STRINGV  shift 27
	LCURLY  shift 30
	LPAREN  shift 31
	LT  shift 32
	.  error

	PathTerm  goto 50
	AscribeTerm  goto 38
	ATerm  goto 39


state 10
	Term : LETREC . LCID COLON Type EQ Term IN Term  (41)

	LCID  shift 51
	.  error


state 11
	Term : IF . Term THEN Term ELSE Term  (42)

	LAMBDA  shift 4
	UNIT  shift 5
	REF  shift 6
	CASE  shift 7
	LET  shift 8
	FIX  shift 9
	LETREC  shift 10
	IF  shift 11
	TRUE  shift 12
	FALSE  shift 13
	TIMESFLOAT  shift 14
	SUCC  shift 15
	PRED  shift 16
	ISZERO  shift 17
	INERT  shift 18
	ACQUIRE  shift 19
	FORK  shift 20
	WAIT  shift 21
	MUTEX  shift 22
	LCID  shift 44
	INTV  shift 25
	FLOATV  shift 26
	STRINGV  shift 27
	BANG  shift 28
	LCURLY  shift 30
	LPAREN  shift 31
	LT  shift 32
	.  error

	Term  goto 52
	AppTerm  goto 36
	PathTerm  goto 37
	AscribeTerm  goto 38
	ATerm  goto 39


state 12
	ATerm : TRUE .  (75)

	.  reduce 75


state 13
	ATerm : FALSE .  (76)

	.  reduce 76


state 14
	AppTerm : TIMESFLOAT . PathTerm PathTerm  (51)

	UNIT  shift 5
	TRUE  shift 12
	FALSE  shift 13
	INERT  shift 18
	FORK  shift 20
	MUTEX  shift 22
	LCID  shift 44
	INTV  shift 25
	FLOATV  shift 26
	STRINGV  shift 27
	LCURLY  shift 30
	LPAREN  shift 31
	LT  shift 32
	.  error

	PathTerm  goto 53
	AscribeTerm  goto 38
	ATerm  goto 39


state 15
	AppTerm : SUCC . PathTerm  (52)

	UNIT  shift 5
	TRUE  shift 12
	FALSE  shift 13
	INERT  shift 18
	FORK  shift 20
	MUTEX  shift 22
	LCID  shift 44
	INTV  shift 25
	FLOATV  shift 26
	STRINGV  shift 27
	LCURLY  shift 30
	LPAREN  shift 31
	LT  shift 32
	.  error

	PathTerm  goto 54
	AscribeTerm  goto 38
	ATerm  goto 39


state 16
	AppTerm : PRED . PathTerm  (53)

	UNIT  shift 5
	TRUE  shift 12
	FALSE  shift 13
	INERT  shift 18
	FORK  shift 20
	MUTEX  shift 22
	LCID  shift 44
	INTV  shift 25
	FLOATV  shift 26
	STRINGV  shift 27
	LCURLY  shift 30
	LPAREN  shift 31
	LT  shift 32
	.  error

	PathTerm  goto 55
	AscribeTerm  goto 38
	ATerm  goto 39


state 17
	AppTerm : ISZERO . PathTerm  (54)

	UNIT  shift 5
	TRUE  shift 12
	FALSE  shift 13
	INERT  shift 18
	FORK  shift 20
	MUTEX  shift 22
	LCID  shift 44
	INTV  shift 25
	FLOATV  shift 26
	STRINGV  shift 27
	LCURLY  shift 30
	LPAREN  shift 31
	LT  shift 32
	.  error

	PathTerm  goto 56
	AscribeTerm  goto 38
	ATerm  goto 39


state 18
	ATerm : INERT . LSQUARE Type RSQUARE  (80)

	LSQUARE  shift 57
	.  error


state 19
	Term : ACQUIRE . Term IN Term  (43)

	LAMBDA  shift 4
	UNIT  shift 5
	REF  shift 6
	CASE  shift 7
	LET  shift 8
	FIX  shift 9
	LETREC  shift 10
	IF  shift 11
	TRUE  shift 12
	FALSE  shift 13
	TIMESFLOAT  shift 14
	SUCC  shift 15
	PRED  shift 16
	ISZERO  shift 17
	INERT  shift 18
	ACQUIRE  shift 19
	FORK  shift 20
	WAIT  shift 21
	MUTEX  shift 22
	LCID  shift 44
	INTV  shift 25
	FLOATV  shift 26
	STRINGV  shift 27
	BANG  shift 28
	LCURLY  shift 30
	LPAREN  shift 31
	LT  shift 32
	.  error

	Term  goto 58
	AppTerm  goto 36
	PathTerm  goto 37
	AscribeTerm  goto 38
	ATerm  goto 39


state 20
	ATerm : FORK . LCURLY Term RCURLY  (81)

	LCURLY  shift 59
	.  error


state 21
	AppTerm : WAIT . PathTerm  (55)

	UNIT  shift 5
	TRUE  shift 12
	FALSE  shift 13
	INERT  shift 18
	FORK  shift 20
	MUTEX  shift 22
	LCID  shift 44
	INTV  shift 25
	FLOATV  shift 26
	STRINGV  shift 27
	LCURLY  shift 30
	LPAREN  shift 31
	LT  shift 32
	.  error

	PathTerm  goto 60
	AscribeTerm  goto 38
	ATerm  goto 39


state 22
	ATerm : MUTEX . LT UCID GT  (82)

	LT  shift 61
	.  error


state 23
	Command : UCID . TyBinder  (6)
	TyBinder : .  (92)

	EQ  shift 62
	SEMI  reduce 92

	TyBinder  goto 63


state 24
	Command : LCID . Binder  (5)
	ATerm : LCID .  (71)

	COLON  shift 64
	EQ  shift 65
	AS  reduce 71
	UNIT  reduce 71
	TRUE  reduce 71
	FALSE  reduce 71
	INERT  reduce 71
	FORK  reduce 71
	MUTEX  reduce 71
	LCID  reduce 71
	INTV  reduce 71
	FLOATV  reduce 71
	STRINGV  reduce 71
	COLONEQ  reduce 71
	DOT  reduce 71
	LCURLY  reduce 71
	LPAREN  reduce 71
	LT  reduce 71
	SEMI  reduce 71

	Binder  goto 66


state 25
	ATerm : INTV .  (79)

	.  reduce 79


state 26
	ATerm : FLOATV .  (77)

	.  reduce 77


state 27
	ATerm : STRINGV .  (72)

	.  reduce 72


state 28
	AppTerm : BANG . PathTerm  (49)

	UNIT  shift 5
	TRUE  shift 12
	FALSE  shift 13
	INERT  shift 18
	FORK  shift 20
	MUTEX  shift 22
	LCID  shift 44
	INTV  shift 25
	FLOATV  shift 26
	STRINGV  shift 27
	LCURLY  shift 30
	LPAREN  shift 31
	LT  shift 32
	.  error

	PathTerm  goto 67
	AscribeTerm  goto 38
	ATerm  goto 39


state 29
	toplevel : EOF .  (1)

	.  reduce 1


state 30
	ATerm : LCURLY . Fields RCURLY  (78)
	Fields : .  (86)

	LAMBDA  shift 4
	UNIT  shift 5
	REF  shift 6
	CASE  shift 7
	LET  shift 8
	FIX  shift 9
	LETREC  shift 10
	IF  shift 11
	TRUE  shift 12
	FALSE  shift 13
	TIMESFLOAT  shift 14
	SUCC  shift 15
	PRED  shift 16
	ISZERO  shift 17
	INERT  shift 18
	ACQUIRE  shift 19
	FORK  shift 20
	WAIT  shift 21
	MUTEX  shift 22
	LCID  shift 68
	INTV  shift 25
	FLOATV  shift 26
	STRINGV  shift 27
	BANG  shift 28
	LCURLY  shift 30
	LPAREN  shift 31
	LT  shift 32
	RCURLY  reduce 86

	Term  goto 69
	AppTerm  goto 36
	PathTerm  goto 37
	AscribeTerm  goto 38
	ATerm  goto 39
	Fields  goto 70
	NEFields  goto 71
	Field  goto 72


state 31
	ATerm : LPAREN . TermSeq RPAREN  (70)

	LAMBDA  shift 4
	UNIT  shift 5
	REF  shift 6
	CASE  shift 7
	LET  shift 8
	FIX  shift 9
	LETREC  shift 10
	IF  shift 11
	TRUE  shift 12
	FALSE  shift 13
	TIMESFLOAT  shift 14
	SUCC  shift 15
	PRED  shift 16
	ISZERO  shift 17
	INERT  shift 18
	ACQUIRE  shift 19
	FORK  shift 20
	WAIT  shift 21
	MUTEX  shift 22
	LCID  shift 44
	INTV  shift 25
	FLOATV  shift 26
	STRINGV  shift 27
	BANG  shift 28
	LCURLY  shift 30
	LPAREN  shift 31
	LT  shift 32
	.  error

	Term  goto 73
	AppTerm  goto 36
	PathTerm  goto 37
	AscribeTerm  goto 38
	ATerm  goto 39
	TermSeq  goto 74


state 32
	ATerm : LT . LCID EQ Term GT AS Type  (74)

	LCID  shift 75
	.  error


state 33
	%entry% : '\001' toplevel .  (96)

	.  reduce 96


state 34
	toplevel : Command . SEMI toplevel  (2)

	SEMI  shift 76
	.  error


state 35
	Command : Term .  (4)

	.  reduce 4


state 36
	Term : AppTerm .  (34)
	Term : AppTerm . COLONEQ AppTerm  (37)
	AppTerm : AppTerm . PathTerm  (47)

	UNIT  shift 5
	TRUE  shift 12
	FALSE  shift 13
	INERT  shift 18
	FORK  shift 20
	MUTEX  shift 22
	LCID  shift 44
	INTV  shift 25
	FLOATV  shift 26
	STRINGV  shift 27
	COLONEQ  shift 77
	LCURLY  shift 30
	LPAREN  shift 31
	LT  shift 32
	OF  reduce 34
	IN  reduce 34
	THEN  reduce 34
	ELSE  reduce 34
	COMMA  reduce 34
	GT  reduce 34
	RCURLY  reduce 34
	RPAREN  reduce 34
	SEMI  reduce 34

	PathTerm  goto 78
	AscribeTerm  goto 38
	ATerm  goto 39


state 37
	AppTerm : PathTerm .  (46)
	PathTerm : PathTerm . DOT LCID  (65)
	PathTerm : PathTerm . DOT INTV  (66)

	DOT  shift 79
	UNIT  reduce 46
	OF  reduce 46
	IN  reduce 46
	THEN  reduce 46
	ELSE  reduce 46
	TRUE  reduce 46
	FALSE  reduce 46
	INERT  reduce 46
	FORK  reduce 46
	MUTEX  reduce 46
	LCID  reduce 46
	INTV  reduce 46
	FLOATV  reduce 46
	STRINGV  reduce 46
	COLONEQ  reduce 46
	COMMA  reduce 46
	GT  reduce 46
	LCURLY  reduce 46
	LPAREN  reduce 46
	LT  reduce 46
	RCURLY  reduce 46
	RPAREN  reduce 46
	SEMI  reduce 46
	VBAR  reduce 46


state 38
	PathTerm : AscribeTerm .  (67)

	.  reduce 67


state 39
	AscribeTerm : ATerm . AS Type  (57)
	AscribeTerm : ATerm .  (58)

	AS  shift 80
	UNIT  reduce 58
	OF  reduce 58
	IN  reduce 58
	THEN  reduce 58
	ELSE  reduce 58
	TRUE  reduce 58
	FALSE  reduce 58
	INERT  reduce 58
	FORK  reduce 58
	MUTEX  reduce 58
	LCID  reduce 58
	INTV  reduce 58
	FLOATV  reduce 58
	STRINGV  reduce 58
	COLONEQ  reduce 58
	COMMA  reduce 58
	DOT  reduce 58
	GT  reduce 58
	LCURLY  reduce 58
	LPAREN  reduce 58
	LT  reduce 58
	RCURLY  reduce 58
	RPAREN  reduce 58
	SEMI  reduce 58
	VBAR  reduce 58


state 40
	Command : IMPORT STRINGV .  (3)

	.  reduce 3


state 41
	Term : LAMBDA LCID . COLON Type DOT Term  (35)

	COLON  shift 81
	.  error


state 42
	Term : LAMBDA LT . MutexFields GT LCID COLON Type DOT Term  (44)
	Term : LAMBDA LT . MutexFields GT USCORE COLON Type DOT Term  (45)

	UCID  shift 82
	.  error

	MutexFields  goto 83


state 43
	Term : LAMBDA USCORE . COLON Type DOT Term  (36)

	COLON  shift 84
	.  error


state 44
	ATerm : LCID .  (71)

	.  reduce 71


state 45
	AppTerm : REF LT . MutexFields GT PathTerm  (56)
	ATerm : LT . LCID EQ Term GT AS Type  (74)

	UCID  shift 82
	LCID  shift 75
	.  error

	MutexFields  goto 85


state 46
	AppTerm : REF PathTerm .  (48)
	PathTerm : PathTerm . DOT LCID  (65)
	PathTerm : PathTerm . DOT INTV  (66)

	DOT  shift 79
	UNIT  reduce 48
	OF  reduce 48
	IN  reduce 48
	THEN  reduce 48
	ELSE  reduce 48
	TRUE  reduce 48
	FALSE  reduce 48
	INERT  reduce 48
	FORK  reduce 48
	MUTEX  reduce 48
	LCID  reduce 48
	INTV  reduce 48
	FLOATV  reduce 48
	STRINGV  reduce 48
	COLONEQ  reduce 48
	COMMA  reduce 48
	GT  reduce 48
	LCURLY  reduce 48
	LPAREN  reduce 48
	LT  reduce 48
	RCURLY  reduce 48
	RPAREN  reduce 48
	SEMI  reduce 48
	VBAR  reduce 48


state 47
	Term : CASE Term . OF Cases  (38)

	OF  shift 86
	.  error


state 48
	Term : LET LCID . EQ Term IN Term  (39)

	EQ  shift 87
	.  error


state 49
	Term : LET USCORE . EQ Term IN Term  (40)

	EQ  shift 88
	.  error


state 50
	AppTerm : FIX PathTerm .  (50)
	PathTerm : PathTerm . DOT LCID  (65)
	PathTerm : PathTerm . DOT INTV  (66)

	DOT  shift 79
	UNIT  reduce 50
	OF  reduce 50
	IN  reduce 50
	THEN  reduce 50
	ELSE  reduce 50
	TRUE  reduce 50
	FALSE  reduce 50
	INERT  reduce 50
	FORK  reduce 50
	MUTEX  reduce 50
	LCID  reduce 50
	INTV  reduce 50
	FLOATV  reduce 50
	STRINGV  reduce 50
	COLONEQ  reduce 50
	COMMA  reduce 50
	GT  reduce 50
	LCURLY  reduce 50
	LPAREN  reduce 50
	LT  reduce 50
	RCURLY  reduce 50
	RPAREN  reduce 50
	SEMI  reduce 50
	VBAR  reduce 50


state 51
	Term : LETREC LCID . COLON Type EQ Term IN Term  (41)

	COLON  shift 89
	.  error


state 52
	Term : IF Term . THEN Term ELSE Term  (42)

	THEN  shift 90
	.  error


state 53
	AppTerm : TIMESFLOAT PathTerm . PathTerm  (51)
	PathTerm : PathTerm . DOT LCID  (65)
	PathTerm : PathTerm . DOT INTV  (66)

	UNIT  shift 5
	TRUE  shift 12
	FALSE  shift 13
	INERT  shift 18
	FORK  shift 20
	MUTEX  shift 22
	LCID  shift 44
	INTV  shift 25
	FLOATV  shift 26
	STRINGV  shift 27
	DOT  shift 79
	LCURLY  shift 30
	LPAREN  shift 31
	LT  shift 32
	.  error

	PathTerm  goto 91
	AscribeTerm  goto 38
	ATerm  goto 39


state 54
	AppTerm : SUCC PathTerm .  (52)
	PathTerm : PathTerm . DOT LCID  (65)
	PathTerm : PathTerm . DOT INTV  (66)

	DOT  shift 79
	UNIT  reduce 52
	OF  reduce 52
	IN  reduce 52
	THEN  reduce 52
	ELSE  reduce 52
	TRUE  reduce 52
	FALSE  reduce 52
	INERT  reduce 52
	FORK  reduce 52
	MUTEX  reduce 52
	LCID  reduce 52
	INTV  reduce 52
	FLOATV  reduce 52
	STRINGV  reduce 52
	COLONEQ  reduce 52
	COMMA  reduce 52
	GT  reduce 52
	LCURLY  reduce 52
	LPAREN  reduce 52
	LT  reduce 52
	RCURLY  reduce 52
	RPAREN  reduce 52
	SEMI  reduce 52
	VBAR  reduce 52


state 55
	AppTerm : PRED PathTerm .  (53)
	PathTerm : PathTerm . DOT LCID  (65)
	PathTerm : PathTerm . DOT INTV  (66)

	DOT  shift 79
	UNIT  reduce 53
	OF  reduce 53
	IN  reduce 53
	THEN  reduce 53
	ELSE  reduce 53
	TRUE  reduce 53
	FALSE  reduce 53
	INERT  reduce 53
	FORK  reduce 53
	MUTEX  reduce 53
	LCID  reduce 53
	INTV  reduce 53
	FLOATV  reduce 53
	STRINGV  reduce 53
	COLONEQ  reduce 53
	COMMA  reduce 53
	GT  reduce 53
	LCURLY  reduce 53
	LPAREN  reduce 53
	LT  reduce 53
	RCURLY  reduce 53
	RPAREN  reduce 53
	SEMI  reduce 53
	VBAR  reduce 53


state 56
	AppTerm : ISZERO PathTerm .  (54)
	PathTerm : PathTerm . DOT LCID  (65)
	PathTerm : PathTerm . DOT INTV  (66)

	DOT  shift 79
	UNIT  reduce 54
	OF  reduce 54
	IN  reduce 54
	THEN  reduce 54
	ELSE  reduce 54
	TRUE  reduce 54
	FALSE  reduce 54
	INERT  reduce 54
	FORK  reduce 54
	MUTEX  reduce 54
	LCID  reduce 54
	INTV  reduce 54
	FLOATV  reduce 54
	STRINGV  reduce 54
	COLONEQ  reduce 54
	COMMA  reduce 54
	GT  reduce 54
	LCURLY  reduce 54
	LPAREN  reduce 54
	LT  reduce 54
	RCURLY  reduce 54
	RPAREN  reduce 54
	SEMI  reduce 54
	VBAR  reduce 54


state 57
	ATerm : INERT LSQUARE . Type RSQUARE  (80)

	TBOT  shift 92
	TTOP  shift 93
	USTRING  shift 94
	UUNIT  shift 95
	RREF  shift 96
	BOOL  shift 97
	SSOURCE  shift 98
	SSINK  shift 99
	UFLOAT  shift 100
	NAT  shift 101
	THREAD  shift 102
	MUTEX  shift 103
	UCID  shift 104
	LCURLY  shift 105
	LPAREN  shift 106
	LT  shift 107
	.  error

	Type  goto 108
	ArrowType  goto 109
	AType  goto 110


state 58
	Term : ACQUIRE Term . IN Term  (43)

	IN  shift 111
	.  error


state 59
	ATerm : FORK LCURLY . Term RCURLY  (81)

	LAMBDA  shift 4
	UNIT  shift 5
	REF  shift 6
	CASE  shift 7
	LET  shift 8
	FIX  shift 9
	LETREC  shift 10
	IF  shift 11
	TRUE  shift 12
	FALSE  shift 13
	TIMESFLOAT  shift 14
	SUCC  shift 15
	PRED  shift 16
	ISZERO  shift 17
	INERT  shift 18
	ACQUIRE  shift 19
	FORK  shift 20
	WAIT  shift 21
	MUTEX  shift 22
	LCID  shift 44
	INTV  shift 25
	FLOATV  shift 26
	STRINGV  shift 27
	BANG  shift 28
	LCURLY  shift 30
	LPAREN  shift 31
	LT  shift 32
	.  error

	Term  goto 112
	AppTerm  goto 36
	PathTerm  goto 37
	AscribeTerm  goto 38
	ATerm  goto 39


state 60
	AppTerm : WAIT PathTerm .  (55)
	PathTerm : PathTerm . DOT LCID  (65)
	PathTerm : PathTerm . DOT INTV  (66)

	DOT  shift 79
	UNIT  reduce 55
	OF  reduce 55
	IN  reduce 55
	THEN  reduce 55
	ELSE  reduce 55
	TRUE  reduce 55
	FALSE  reduce 55
	INERT  reduce 55
	FORK  reduce 55
	MUTEX  reduce 55
	LCID  reduce 55
	INTV  reduce 55
	FLOATV  reduce 55
	STRINGV  reduce 55
	COLONEQ  reduce 55
	COMMA  reduce 55
	GT  reduce 55
	LCURLY  reduce 55
	LPAREN  reduce 55
	LT  reduce 55
	RCURLY  reduce 55
	RPAREN  reduce 55
	SEMI  reduce 55
	VBAR  reduce 55


state 61
	ATerm : MUTEX LT . UCID GT  (82)

	UCID  shift 113
	.  error


state 62
	TyBinder : EQ . Type  (93)

	TBOT  shift 92
	TTOP  shift 93
	USTRING  shift 94
	UUNIT  shift 95
	RREF  shift 96
	BOOL  shift 97
	SSOURCE  shift 98
	SSINK  shift 99
	UFLOAT  shift 100
	NAT  shift 101
	THREAD  shift 102
	MUTEX  shift 103
	UCID  shift 104
	LCURLY  shift 105
	LPAREN  shift 106
	LT  shift 107
	.  error

	Type  goto 114
	ArrowType  goto 109
	AType  goto 110


state 63
	Command : UCID TyBinder .  (6)

	.  reduce 6


state 64
	Binder : COLON . Type  (7)

	TBOT  shift 92
	TTOP  shift 93
	USTRING  shift 94
	UUNIT  shift 95
	RREF  shift 96
	BOOL  shift 97
	SSOURCE  shift 98
	SSINK  shift 99
	UFLOAT  shift 100
	NAT  shift 101
	THREAD  shift 102
	MUTEX  shift 103
	UCID  shift 104
	LCURLY  shift 105
	LPAREN  shift 106
	LT  shift 107
	.  error

	Type  goto 115
	ArrowType  goto 109
	AType  goto 110


state 65
	Binder : EQ . Term  (8)

	LAMBDA  shift 4
	UNIT  shift 5
	REF  shift 6
	CASE  shift 7
	LET  shift 8
	FIX  shift 9
	LETREC  shift 10
	IF  shift 11
	TRUE  shift 12
	FALSE  shift 13
	TIMESFLOAT  shift 14
	SUCC  shift 15
	PRED  shift 16
	ISZERO  shift 17
	INERT  shift 18
	ACQUIRE  shift 19
	FORK  shift 20
	WAIT  shift 21
	MUTEX  shift 22
	LCID  shift 44
	INTV  shift 25
	FLOATV  shift 26
	STRINGV  shift 27
	BANG  shift 28
	LCURLY  shift 30
	LPAREN  shift 31
	LT  shift 32
	.  error

	Term  goto 116
	AppTerm  goto 36
	PathTerm  goto 37
	AscribeTerm  goto 38
	ATerm  goto 39


state 66
	Command : LCID Binder .  (5)

	.  reduce 5


state 67
	AppTerm : BANG PathTerm .  (49)
	PathTerm : PathTerm . DOT LCID  (65)
	PathTerm : PathTerm . DOT INTV  (66)

	DOT  shift 79
	UNIT  reduce 49
	OF  reduce 49
	IN  reduce 49
	THEN  reduce 49
	ELSE  reduce 49
	TRUE  reduce 49
	FALSE  reduce 49
	INERT  reduce 49
	FORK  reduce 49
	MUTEX  reduce 49
	LCID  reduce 49
	INTV  reduce 49
	FLOATV  reduce 49
	STRINGV  reduce 49
	COLONEQ  reduce 49
	COMMA  reduce 49
	GT  reduce 49
	LCURLY  reduce 49
	LPAREN  reduce 49
	LT  reduce 49
	RCURLY  reduce 49
	RPAREN  reduce 49
	SEMI  reduce 49
	VBAR  reduce 49


state 68
	ATerm : LCID .  (71)
	Field : LCID . EQ Term  (90)

	EQ  shift 117
	AS  reduce 71
	UNIT  reduce 71
	TRUE  reduce 71
	FALSE  reduce 71
	INERT  reduce 71
	FORK  reduce 71
	MUTEX  reduce 71
	LCID  reduce 71
	INTV  reduce 71
	FLOATV  reduce 71
	STRINGV  reduce 71
	COLONEQ  reduce 71
	COMMA  reduce 71
	DOT  reduce 71
	LCURLY  reduce 71
	LPAREN  reduce 71
	LT  reduce 71
	RCURLY  reduce 71


state 69
	Field : Term .  (91)

	.  reduce 91


state 70
	ATerm : LCURLY Fields . RCURLY  (78)

	RCURLY  shift 118
	.  error


state 71
	Fields : NEFields .  (87)

	.  reduce 87


state 72
	NEFields : Field .  (88)
	NEFields : Field . COMMA NEFields  (89)

	COMMA  shift 119
	RCURLY  reduce 88


state 73
	TermSeq : Term .  (68)
	TermSeq : Term . SEMI TermSeq  (69)

	SEMI  shift 120
	RPAREN  reduce 68


state 74
	ATerm : LPAREN TermSeq . RPAREN  (70)

	RPAREN  shift 121
	.  error


state 75
	ATerm : LT LCID . EQ Term GT AS Type  (74)

	EQ  shift 122
	.  error


state 76
	toplevel : Command SEMI . toplevel  (2)

	IMPORT  shift 3
	LAMBDA  shift 4
	UNIT  shift 5
	REF  shift 6
	CASE  shift 7
	LET  shift 8
	FIX  shift 9
	LETREC  shift 10
	IF  shift 11
	TRUE  shift 12
	FALSE  shift 13
	TIMESFLOAT  shift 14
	SUCC  shift 15
	PRED  shift 16
	ISZERO  shift 17
	INERT  shift 18
	ACQUIRE  shift 19
	FORK  shift 20
	WAIT  shift 21
	MUTEX  shift 22
	UCID  shift 23
	LCID  shift 24
	INTV  shift 25
	FLOATV  shift 26
	STRINGV  shift 27
	BANG  shift 28
	EOF  shift 29
	LCURLY  shift 30
	LPAREN  shift 31
	LT  shift 32
	.  error

	toplevel  goto 123
	Command  goto 34
	Term  goto 35
	AppTerm  goto 36
	PathTerm  goto 37
	AscribeTerm  goto 38
	ATerm  goto 39


state 77
	Term : AppTerm COLONEQ . AppTerm  (37)

	UNIT  shift 5
	REF  shift 6
	FIX  shift 9
	TRUE  shift 12
	FALSE  shift 13
	TIMESFLOAT  shift 14
	SUCC  shift 15
	PRED  shift 16
	ISZERO  shift 17
	INERT  shift 18
	FORK  shift 20
	WAIT  shift 21
	MUTEX  shift 22
	LCID  shift 44
	INTV  shift 25
	FLOATV  shift 26
	STRINGV  shift 27
	BANG  shift 28
	LCURLY  shift 30
	LPAREN  shift 31
	LT  shift 32
	.  error

	AppTerm  goto 124
	PathTerm  goto 37
	AscribeTerm  goto 38
	ATerm  goto 39


state 78
	AppTerm : AppTerm PathTerm .  (47)
	PathTerm : PathTerm . DOT LCID  (65)
	PathTerm : PathTerm . DOT INTV  (66)

	DOT  shift 79
	UNIT  reduce 47
	OF  reduce 47
	IN  reduce 47
	THEN  reduce 47
	ELSE  reduce 47
	TRUE  reduce 47
	FALSE  reduce 47
	INERT  reduce 47
	FORK  reduce 47
	MUTEX  reduce 47
	LCID  reduce 47
	INTV  reduce 47
	FLOATV  reduce 47
	STRINGV  reduce 47
	COLONEQ  reduce 47
	COMMA  reduce 47
	GT  reduce 47
	LCURLY  reduce 47
	LPAREN  reduce 47
	LT  reduce 47
	RCURLY  reduce 47
	RPAREN  reduce 47
	SEMI  reduce 47
	VBAR  reduce 47


state 79
	PathTerm : PathTerm DOT . LCID  (65)
	PathTerm : PathTerm DOT . INTV  (66)

	LCID  shift 125
	INTV  shift 126
	.  error


state 80
	AscribeTerm : ATerm AS . Type  (57)

	TBOT  shift 92
	TTOP  shift 93
	USTRING  shift 94
	UUNIT  shift 95
	RREF  shift 96
	BOOL  shift 97
	SSOURCE  shift 98
	SSINK  shift 99
	UFLOAT  shift 100
	NAT  shift 101
	THREAD  shift 102
	MUTEX  shift 103
	UCID  shift 104
	LCURLY  shift 105
	LPAREN  shift 106
	LT  shift 107
	.  error

	Type  goto 127
	ArrowType  goto 109
	AType  goto 110


state 81
	Term : LAMBDA LCID COLON . Type DOT Term  (35)

	TBOT  shift 92
	TTOP  shift 93
	USTRING  shift 94
	UUNIT  shift 95
	RREF  shift 96
	BOOL  shift 97
	SSOURCE  shift 98
	SSINK  shift 99
	UFLOAT  shift 100
	NAT  shift 101
	THREAD  shift 102
	MUTEX  shift 103
	UCID  shift 104
	LCURLY  shift 105
	LPAREN  shift 106
	LT  shift 107
	.  error

	Type  goto 128
	ArrowType  goto 109
	AType  goto 110


state 82
	MutexFields : UCID .  (94)
	MutexFields : UCID . COMMA MutexFields  (95)

	COMMA  shift 129
	GT  reduce 94


state 83
	Term : LAMBDA LT MutexFields . GT LCID COLON Type DOT Term  (44)
	Term : LAMBDA LT MutexFields . GT USCORE COLON Type DOT Term  (45)

	GT  shift 130
	.  error


state 84
	Term : LAMBDA USCORE COLON . Type DOT Term  (36)

	TBOT  shift 92
	TTOP  shift 93
	USTRING  shift 94
	UUNIT  shift 95
	RREF  shift 96
	BOOL  shift 97
	SSOURCE  shift 98
	SSINK  shift 99
	UFLOAT  shift 100
	NAT  shift 101
	THREAD  shift 102
	MUTEX  shift 103
	UCID  shift 104
	LCURLY  shift 105
	LPAREN  shift 106
	LT  shift 107
	.  error

	Type  goto 131
	ArrowType  goto 109
	AType  goto 110


state 85
	AppTerm : REF LT MutexFields . GT PathTerm  (56)

	GT  shift 132
	.  error


state 86
	Term : CASE Term OF . Cases  (38)

	LT  shift 133
	.  error

	Cases  goto 134
	Case  goto 135


state 87
	Term : LET LCID EQ . Term IN Term  (39)

	LAMBDA  shift 4
	UNIT  shift 5
	REF  shift 6
	CASE  shift 7
	LET  shift 8
	FIX  shift 9
	LETREC  shift 10
	IF  shift 11
	TRUE  shift 12
	FALSE  shift 13
	TIMESFLOAT  shift 14
	SUCC  shift 15
	PRED  shift 16
	ISZERO  shift 17
	INERT  shift 18
	ACQUIRE  shift 19
	FORK  shift 20
	WAIT  shift 21
	MUTEX  shift 22
	LCID  shift 44
	INTV  shift 25
	FLOATV  shift 26
	STRINGV  shift 27
	BANG  shift 28
	LCURLY  shift 30
	LPAREN  shift 31
	LT  shift 32
	.  error

	Term  goto 136
	AppTerm  goto 36
	PathTerm  goto 37
	AscribeTerm  goto 38
	ATerm  goto 39


state 88
	Term : LET USCORE EQ . Term IN Term  (40)

	LAMBDA  shift 4
	UNIT  shift 5
	REF  shift 6
	CASE  shift 7
	LET  shift 8
	FIX  shift 9
	LETREC  shift 10
	IF  shift 11
	TRUE  shift 12
	FALSE  shift 13
	TIMESFLOAT  shift 14
	SUCC  shift 15
	PRED  shift 16
	ISZERO  shift 17
	INERT  shift 18
	ACQUIRE  shift 19
	FORK  shift 20
	WAIT  shift 21
	MUTEX  shift 22
	LCID  shift 44
	INTV  shift 25
	FLOATV  shift 26
	STRINGV  shift 27
	BANG  shift 28
	LCURLY  shift 30
	LPAREN  shift 31
	LT  shift 32
	.  error

	Term  goto 137
	AppTerm  goto 36
	PathTerm  goto 37
	AscribeTerm  goto 38
	ATerm  goto 39


state 89
	Term : LETREC LCID COLON . Type EQ Term IN Term  (41)

	TBOT  shift 92
	TTOP  shift 93
	USTRING  shift 94
	UUNIT  shift 95
	RREF  shift 96
	BOOL  shift 97
	SSOURCE  shift 98
	SSINK  shift 99
	UFLOAT  shift 100
	NAT  shift 101
	THREAD  shift 102
	MUTEX  shift 103
	UCID  shift 104
	LCURLY  shift 105
	LPAREN  shift 106
	LT  shift 107
	.  error

	Type  goto 138
	ArrowType  goto 109
	AType  goto 110


state 90
	Term : IF Term THEN . Term ELSE Term  (42)

	LAMBDA  shift 4
	UNIT  shift 5
	REF  shift 6
	CASE  shift 7
	LET  shift 8
	FIX  shift 9
	LETREC  shift 10
	IF  shift 11
	TRUE  shift 12
	FALSE  shift 13
	TIMESFLOAT  shift 14
	SUCC  shift 15
	PRED  shift 16
	ISZERO  shift 17
	INERT  shift 18
	ACQUIRE  shift 19
	FORK  shift 20
	WAIT  shift 21
	MUTEX  shift 22
	LCID  shift 44
	INTV  shift 25
	FLOATV  shift 26
	STRINGV  shift 27
	BANG  shift 28
	LCURLY  shift 30
	LPAREN  shift 31
	LT  shift 32
	.  error

	Term  goto 139
	AppTerm  goto 36
	PathTerm  goto 37
	AscribeTerm  goto 38
	ATerm  goto 39


state 91
	AppTerm : TIMESFLOAT PathTerm PathTerm .  (51)
	PathTerm : PathTerm . DOT LCID  (65)
	PathTerm : PathTerm . DOT INTV  (66)

	DOT  shift 79
	UNIT  reduce 51
	OF  reduce 51
	IN  reduce 51
	THEN  reduce 51
	ELSE  reduce 51
	TRUE  reduce 51
	FALSE  reduce 51
	INERT  reduce 51
	FORK  reduce 51
	MUTEX  reduce 51
	LCID  reduce 51
	INTV  reduce 51
	FLOATV  reduce 51
	STRINGV  reduce 51
	COLONEQ  reduce 51
	COMMA  reduce 51
	GT  reduce 51
	LCURLY  reduce 51
	LPAREN  reduce 51
	LT  reduce 51
	RCURLY  reduce 51
	RPAREN  reduce 51
	SEMI  reduce 51
	VBAR  reduce 51


state 92
	AType : TBOT .  (19)

	.  reduce 19


state 93
	AType : TTOP .  (20)

	.  reduce 20


state 94
	AType : USTRING .  (21)

	.  reduce 21


state 95
	AType : UUNIT .  (22)

	.  reduce 22


state 96
	Type : RREF . AType  (10)
	Type : RREF . LT MutexFields GT AType  (14)

	TBOT  shift 92
	TTOP  shift 93
	USTRING  shift 94
	UUNIT  shift 95
	BOOL  shift 97
	UFLOAT  shift 100
	NAT  shift 101
	UCID  shift 104
	LCURLY  shift 105
	LPAREN  shift 106
	LT  shift 140
	.  error

	AType  goto 141


state 97
	AType : BOOL .  (24)

	.  reduce 24


state 98
	Type : SSOURCE . AType  (11)
	Type : SSOURCE . LT MutexFields GT AType  (15)

	TBOT  shift 92
	TTOP  shift 93
	USTRING  shift 94
	UUNIT  shift 95
	BOOL  shift 97
	UFLOAT  shift 100
	NAT  shift 101
	UCID  shift 104
	LCURLY  shift 105
	LPAREN  shift 106
	LT  shift 142
	.  error

	AType  goto 143


state 99
	Type : SSINK . AType  (12)
	Type : SSINK . LT MutexFields GT AType  (16)

	TBOT  shift 92
	TTOP  shift 93
	USTRING  shift 94
	UUNIT  shift 95
	BOOL  shift 97
	UFLOAT  shift 100
	NAT  shift 101
	UCID  shift 104
	LCURLY  shift 105
	LPAREN  shift 106
	LT  shift 144
	.  error

	AType  goto 145


state 100
	AType : UFLOAT .  (27)

	.  reduce 27


state 101
	AType : NAT .  (28)

	.  reduce 28


state 102
	Type : THREAD . AType  (17)

	TBOT  shift 92
	TTOP  shift 93
	USTRING  shift 94
	UUNIT  shift 95
	BOOL  shift 97
	UFLOAT  shift 100
	NAT  shift 101
	UCID  shift 104
	LCURLY  shift 105
	LPAREN  shift 106
	LT  shift 107
	.  error

	AType  goto 146


state 103
	Type : MUTEX . UCID  (13)

	UCID  shift 147
	.  error


state 104
	AType : UCID .  (25)

	.  reduce 25


state 105
	AType : LCURLY . FieldTypes RCURLY  (26)
	FieldTypes : .  (59)

	TBOT  shift 92
	TTOP  shift 93
	USTRING  shift 94
	UUNIT  shift 95
	RREF  shift 96
	BOOL  shift 97
	SSOURCE  shift 98
	SSINK  shift 99
	UFLOAT  shift 100
	NAT  shift 101
	THREAD  shift 102
	MUTEX  shift 103
	UCID  shift 104
	LCID  shift 148
	LCURLY  shift 105
	LPAREN  shift 106
	LT  shift 107
	RCURLY  reduce 59

	Type  goto 149
	ArrowType  goto 109
	AType  goto 110
	FieldTypes  goto 150
	NEFieldTypes  goto 151
	FieldType  goto 152


state 106
	AType : LPAREN . Type RPAREN  (18)

	TBOT  shift 92
	TTOP  shift 93
	USTRING  shift 94
	UUNIT  shift 95
	RREF  shift 96
	BOOL  shift 97
	SSOURCE  shift 98
	SSINK  shift 99
	UFLOAT  shift 100
	NAT  shift 101
	THREAD  shift 102
	MUTEX  shift 103
	UCID  shift 104
	LCURLY  shift 105
	LPAREN  shift 106
	LT  shift 107
	.  error

	Type  goto 153
	ArrowType  goto 109
	AType  goto 110


state 107
	AType : LT . FieldTypes GT  (23)
	FieldTypes : .  (59)

	TBOT  shift 92
	TTOP  shift 93
	USTRING  shift 94
	UUNIT  shift 95
	RREF  shift 96
	BOOL  shift 97
	SSOURCE  shift 98
	SSINK  shift 99
	UFLOAT  shift 100
	NAT  shift 101
	THREAD  shift 102
	MUTEX  shift 103
	UCID  shift 104
	LCID  shift 148
	LCURLY  shift 105
	LPAREN  shift 106
	LT  shift 107
	GT  reduce 59

	Type  goto 149
	ArrowType  goto 109
	AType  goto 110
	FieldTypes  goto 154
	NEFieldTypes  goto 151
	FieldType  goto 152


state 108
	ATerm : INERT LSQUARE Type . RSQUARE  (80)

	RSQUARE  shift 155
	.  error


state 109
	Type : ArrowType .  (9)

	.  reduce 9


110: shift/reduce conflict (shift 158, reduce 33) on LT
state 110
	ArrowType : AType . ARROW ArrowType  (29)
	ArrowType : AType . LT MutexFields GT ARROW ArrowType  (30)
	ArrowType : AType . LSQUARE UCID RSQUARE ARROW ArrowType  (31)
	ArrowType : AType . LT MutexFields GT LSQUARE UCID RSQUARE ARROW ArrowType  (32)
	ArrowType : AType .  (33)

	ARROW  shift 156
	LSQUARE  shift 157
	LT  shift 158
	AS  reduce 33
	UNIT  reduce 33
	OF  reduce 33
	IN  reduce 33
	THEN  reduce 33
	ELSE  reduce 33
	TRUE  reduce 33
	FALSE  reduce 33
	INERT  reduce 33
	FORK  reduce 33
	MUTEX  reduce 33
	LCID  reduce 33
	INTV  reduce 33
	FLOATV  reduce 33
	STRINGV  reduce 33
	COLONEQ  reduce 33
	COMMA  reduce 33
	DOT  reduce 33
	EQ  reduce 33
	GT  reduce 33
	LCURLY  reduce 33
	LPAREN  reduce 33
	RCURLY  reduce 33
	RPAREN  reduce 33
	RSQUARE  reduce 33
	SEMI  reduce 33
	VBAR  reduce 33


state 111
	Term : ACQUIRE Term IN . Term  (43)

	LAMBDA  shift 4
	UNIT  shift 5
	REF  shift 6
	CASE  shift 7
	LET  shift 8
	FIX  shift 9
	LETREC  shift 10
	IF  shift 11
	TRUE  shift 12
	FALSE  shift 13
	TIMESFLOAT  shift 14
	SUCC  shift 15
	PRED  shift 16
	ISZERO  shift 17
	INERT  shift 18
	ACQUIRE  shift 19
	FORK  shift 20
	WAIT  shift 21
	MUTEX  shift 22
	LCID  shift 44
	INTV  shift 25
	FLOATV  shift 26
	STRINGV  shift 27
	BANG  shift 28
	LCURLY  shift 30
	LPAREN  shift 31
	LT  shift 32
	.  error

	Term  goto 159
	AppTerm  goto 36
	PathTerm  goto 37
	AscribeTerm  goto 38
	ATerm  goto 39


state 112
	ATerm : FORK LCURLY Term . RCURLY  (81)

	RCURLY  shift 160
	.  error


state 113
	ATerm : MUTEX LT UCID . GT  (82)

	GT  shift 161
	.  error


state 114
	TyBinder : EQ Type .  (93)

	.  reduce 93


state 115
	Binder : COLON Type .  (7)

	.  reduce 7


state 116
	Binder : EQ Term .  (8)

	.  reduce 8


state 117
	Field : LCID EQ . Term  (90)

	LAMBDA  shift 4
	UNIT  shift 5
	REF  shift 6
	CASE  shift 7
	LET  shift 8
	FIX  shift 9
	LETREC  shift 10
	IF  shift 11
	TRUE  shift 12
	FALSE  shift 13
	TIMESFLOAT  shift 14
	SUCC  shift 15
	PRED  shift 16
	ISZERO  shift 17
	INERT  shift 18
	ACQUIRE  shift 19
	FORK  shift 20
	WAIT  shift 21
	MUTEX  shift 22
	LCID  shift 44
	INTV  shift 25
	FLOATV  shift 26
	STRINGV  shift 27
	BANG  shift 28
	LCURLY  shift 30
	LPAREN  shift 31
	LT  shift 32
	.  error

	Term  goto 162
	AppTerm  goto 36
	PathTerm  goto 37
	AscribeTerm  goto 38
	ATerm  goto 39


state 118
	ATerm : LCURLY Fields RCURLY .  (78)

	.  reduce 78


state 119
	NEFields : Field COMMA . NEFields  (89)

	LAMBDA  shift 4
	UNIT  shift 5
	REF  shift 6
	CASE  shift 7
	LET  shift 8
	FIX  shift 9
	LETREC  shift 10
	IF  shift 11
	TRUE  shift 12
	FALSE  shift 13
	TIMESFLOAT  shift 14
	SUCC  shift 15
	PRED  shift 16
	ISZERO  shift 17
	INERT  shift 18
	ACQUIRE  shift 19
	FORK  shift 20
	WAIT  shift 21
	MUTEX  shift 22
	LCID  shift 68
	INTV  shift 25
	FLOATV  shift 26
	STRINGV  shift 27
	BANG  shift 28
	LCURLY  shift 30
	LPAREN  shift 31
	LT  shift 32
	.  error

	Term  goto 69
	AppTerm  goto 36
	PathTerm  goto 37
	AscribeTerm  goto 38
	ATerm  goto 39
	NEFields  goto 163
	Field  goto 72


state 120
	TermSeq : Term SEMI . TermSeq  (69)

	LAMBDA  shift 4
	UNIT  shift 5
	REF  shift 6
	CASE  shift 7
	LET  shift 8
	FIX  shift 9
	LETREC  shift 10
	IF  shift 11
	TRUE  shift 12
	FALSE  shift 13
	TIMESFLOAT  shift 14
	SUCC  shift 15
	PRED  shift 16
	ISZERO  shift 17
	INERT  shift 18
	ACQUIRE  shift 19
	FORK  shift 20
	WAIT  shift 21
	MUTEX  shift 22
	LCID  shift 44
	INTV  shift 25
	FLOATV  shift 26
	STRINGV  shift 27
	BANG  shift 28
	LCURLY  shift 30
	LPAREN  shift 31
	LT  shift 32
	.  error

	Term  goto 73
	AppTerm  goto 36
	PathTerm  goto 37
	AscribeTerm  goto 38
	ATerm  goto 39
	TermSeq  goto 164


state 121
	ATerm : LPAREN TermSeq RPAREN .  (70)

	.  reduce 70


state 122
	ATerm : LT LCID EQ . Term GT AS Type  (74)

	LAMBDA  shift 4
	UNIT  shift 5
	REF  shift 6
	CASE  shift 7
	LET  shift 8
	FIX  shift 9
	LETREC  shift 10
	IF  shift 11
	TRUE  shift 12
	FALSE  shift 13
	TIMESFLOAT  shift 14
	SUCC  shift 15
	PRED  shift 16
	ISZERO  shift 17
	INERT  shift 18
	ACQUIRE  shift 19
	FORK  shift 20
	WAIT  shift 21
	MUTEX  shift 22
	LCID  shift 44
	INTV  shift 25
	FLOATV  shift 26
	STRINGV  shift 27
	BANG  shift 28
	LCURLY  shift 30
	LPAREN  shift 31
	LT  shift 32
	.  error

	Term  goto 165
	AppTerm  goto 36
	PathTerm  goto 37
	AscribeTerm  goto 38
	ATerm  goto 39


state 123
	toplevel : Command SEMI toplevel .  (2)

	.  reduce 2


state 124
	Term : AppTerm COLONEQ AppTerm .  (37)
	AppTerm : AppTerm . PathTerm  (47)

	UNIT  shift 5
	TRUE  shift 12
	FALSE  shift 13
	INERT  shift 18
	FORK  shift 20
	MUTEX  shift 22
	LCID  shift 44
	INTV  shift 25
	FLOATV  shift 26
	STRINGV  shift 27
	LCURLY  shift 30
	LPAREN  shift 31
	LT  shift 32
	OF  reduce 37
	IN  reduce 37
	THEN  reduce 37
	ELSE  reduce 37
	COMMA  reduce 37
	GT  reduce 37
	RCURLY  reduce 37
	RPAREN  reduce 37
	SEMI  reduce 37

	PathTerm  goto 78
	AscribeTerm  goto 38
	ATerm  goto 39


state 125
	PathTerm : PathTerm DOT LCID .  (65)

	.  reduce 65


state 126
	PathTerm : PathTerm DOT INTV .  (66)

	.  reduce 66


state 127
	AscribeTerm : ATerm AS Type .  (57)

	.  reduce 57


state 128
	Term : LAMBDA LCID COLON Type . DOT Term  (35)

	DOT  shift 166
	.  error


state 129
	MutexFields : UCID COMMA . MutexFields  (95)

	UCID  shift 82
	.  error

	MutexFields  goto 167


state 130
	Term : LAMBDA LT MutexFields GT . LCID COLON Type DOT Term  (44)
	Term : LAMBDA LT MutexFields GT . USCORE COLON Type DOT Term  (45)

	LCID  shift 168
	USCORE  shift 169
	.  error


state 131
	Term : LAMBDA USCORE COLON Type . DOT Term  (36)

	DOT  shift 170
	.  error


state 132
	AppTerm : REF LT MutexFields GT . PathTerm  (56)

	UNIT  shift 5
	TRUE  shift 12
	FALSE  shift 13
	INERT  shift 18
	FORK  shift 20
	MUTEX  shift 22
	LCID  shift 44
	INTV  shift 25
	FLOATV  shift 26
	STRINGV  shift 27
	LCURLY  shift 30
	LPAREN  shift 31
	LT  shift 32
	.  error

	PathTerm  goto 171
	AscribeTerm  goto 38
	ATerm  goto 39


state 133
	Case : LT . LCID EQ LCID GT DDARROW AppTerm  (85)

	LCID  shift 172
	.  error


state 134
	Term : CASE Term OF Cases .  (38)

	.  reduce 38


state 135
	Cases : Case .  (83)
	Cases : Case . VBAR Cases  (84)

	VBAR  shift 173
	OF  reduce 83
	IN  reduce 83
	THEN  reduce 83
	ELSE  reduce 83
	COMMA  reduce 83
	GT  reduce 83
	RCURLY  reduce 83
	RPAREN  reduce 83
	SEMI  reduce 83


state 136
	Term : LET LCID EQ Term . IN Term  (39)

	IN  shift 174
	.  error


state 137
	Term : LET USCORE EQ Term . IN Term  (40)

	IN  shift 175
	.  error


state 138
	Term : LETREC LCID COLON Type . EQ Term IN Term  (41)

	EQ  shift 176
	.  error


state 139
	Term : IF Term THEN Term . ELSE Term  (42)

	ELSE  shift 177
	.  error


state 140
	Type : RREF LT . MutexFields GT AType  (14)
	AType : LT . FieldTypes GT  (23)
	FieldTypes : .  (59)

	TBOT  shift 92
	TTOP  shift 93
	USTRING  shift 94
	UUNIT  shift 95
	RREF  shift 96
	BOOL  shift 97
	SSOURCE  shift 98
	SSINK  shift 99
	UFLOAT  shift 100
	NAT  shift 101
	THREAD  shift 102
	MUTEX  shift 103
	UCID  shift 178
	LCID  shift 148
	LCURLY  shift 105
	LPAREN  shift 106
	LT  shift 107
	GT  reduce 59

	Type  goto 149
	ArrowType  goto 109
	AType  goto 110
	MutexFields  goto 179
	FieldTypes  goto 154
	NEFieldTypes  goto 151
	FieldType  goto 152


state 141
	Type : RREF AType .  (10)

	.  reduce 10


state 142
	Type : SSOURCE LT . MutexFields GT AType  (15)
	AType : LT . FieldTypes GT  (23)
	FieldTypes : .  (59)

	TBOT  shift 92
	TTOP  shift 93
	USTRING  shift 94
	UUNIT  shift 95
	RREF  shift 96
	BOOL  shift 97
	SSOURCE  shift 98
	SSINK  shift 99
	UFLOAT  shift 100
	NAT  shift 101
	THREAD  shift 102
	MUTEX  shift 103
	UCID  shift 178
	LCID  shift 148
	LCURLY  shift 105
	LPAREN  shift 106
	LT  shift 107
	GT  reduce 59

	Type  goto 149
	ArrowType  goto 109
	AType  goto 110
	MutexFields  goto 180
	FieldTypes  goto 154
	NEFieldTypes  goto 151
	FieldType  goto 152


state 143
	Type : SSOURCE AType .  (11)

	.  reduce 11


state 144
	Type : SSINK LT . MutexFields GT AType  (16)
	AType : LT . FieldTypes GT  (23)
	FieldTypes : .  (59)

	TBOT  shift 92
	TTOP  shift 93
	USTRING  shift 94
	UUNIT  shift 95
	RREF  shift 96
	BOOL  shift 97
	SSOURCE  shift 98
	SSINK  shift 99
	UFLOAT  shift 100
	NAT  shift 101
	THREAD  shift 102
	MUTEX  shift 103
	UCID  shift 178
	LCID  shift 148
	LCURLY  shift 105
	LPAREN  shift 106
	LT  shift 107
	GT  reduce 59

	Type  goto 149
	ArrowType  goto 109
	AType  goto 110
	MutexFields  goto 181
	FieldTypes  goto 154
	NEFieldTypes  goto 151
	FieldType  goto 152


state 145
	Type : SSINK AType .  (12)

	.  reduce 12


state 146
	Type : THREAD AType .  (17)

	.  reduce 17


state 147
	Type : MUTEX UCID .  (13)

	.  reduce 13


state 148
	FieldType : LCID . COLON Type  (63)

	COLON  shift 182
	.  error


state 149
	FieldType : Type .  (64)

	.  reduce 64


state 150
	AType : LCURLY FieldTypes . RCURLY  (26)

	RCURLY  shift 183
	.  error


state 151
	FieldTypes : NEFieldTypes .  (60)

	.  reduce 60


state 152
	NEFieldTypes : FieldType .  (61)
	NEFieldTypes : FieldType . COMMA NEFieldTypes  (62)

	COMMA  shift 184
	GT  reduce 61
	RCURLY  reduce 61


state 153
	AType : LPAREN Type . RPAREN  (18)

	RPAREN  shift 185
	.  error


state 154
	AType : LT FieldTypes . GT  (23)

	GT  shift 186
	.  error


state 155
	ATerm : INERT LSQUARE Type RSQUARE .  (80)

	.  reduce 80


state 156
	ArrowType : AType ARROW . ArrowType  (29)

	TBOT  shift 92
	TTOP  shift 93
	USTRING  shift 94
	UUNIT  shift 95
	BOOL  shift 97
	UFLOAT  shift 100
	NAT  shift 101
	UCID  shift 104
	LCURLY  shift 105
	LPAREN  shift 106
	LT  shift 107
	.  error

	ArrowType  goto 187
	AType  goto 110


state 157
	ArrowType : AType LSQUARE . UCID RSQUARE ARROW ArrowType  (31)

	UCID  shift 188
	.  error


state 158
	ArrowType : AType LT . MutexFields GT ARROW ArrowType  (30)
	ArrowType : AType LT . MutexFields GT LSQUARE UCID RSQUARE ARROW ArrowType  (32)

	UCID  shift 82
	.  error

	MutexFields  goto 189


state 159
	Term : ACQUIRE Term IN Term .  (43)

	.  reduce 43


state 160
	ATerm : FORK LCURLY Term RCURLY .  (81)

	.  reduce 81


state 161
	ATerm : MUTEX LT UCID GT .  (82)

	.  reduce 82


state 162
	Field : LCID EQ Term .  (90)

	.  reduce 90


state 163
	NEFields : Field COMMA NEFields .  (89)

	.  reduce 89


state 164
	TermSeq : Term SEMI TermSeq .  (69)

	.  reduce 69


state 165
	ATerm : LT LCID EQ Term . GT AS Type  (74)

	GT  shift 190
	.  error


state 166
	Term : LAMBDA LCID COLON Type DOT . Term  (35)

	LAMBDA  shift 4
	UNIT  shift 5
	REF  shift 6
	CASE  shift 7
	LET  shift 8
	FIX  shift 9
	LETREC  shift 10
	IF  shift 11
	TRUE  shift 12
	FALSE  shift 13
	TIMESFLOAT  shift 14
	SUCC  shift 15
	PRED  shift 16
	ISZERO  shift 17
	INERT  shift 18
	ACQUIRE  shift 19
	FORK  shift 20
	WAIT  shift 21
	MUTEX  shift 22
	LCID  shift 44
	INTV  shift 25
	FLOATV  shift 26
	STRINGV  shift 27
	BANG  shift 28
	LCURLY  shift 30
	LPAREN  shift 31
	LT  shift 32
	.  error

	Term  goto 191
	AppTerm  goto 36
	PathTerm  goto 37
	AscribeTerm  goto 38
	ATerm  goto 39


state 167
	MutexFields : UCID COMMA MutexFields .  (95)

	.  reduce 95


state 168
	Term : LAMBDA LT MutexFields GT LCID . COLON Type DOT Term  (44)

	COLON  shift 192
	.  error


state 169
	Term : LAMBDA LT MutexFields GT USCORE . COLON Type DOT Term  (45)

	COLON  shift 193
	.  error


state 170
	Term : LAMBDA USCORE COLON Type DOT . Term  (36)

	LAMBDA  shift 4
	UNIT  shift 5
	REF  shift 6
	CASE  shift 7
	LET  shift 8
	FIX  shift 9
	LETREC  shift 10
	IF  shift 11
	TRUE  shift 12
	FALSE  shift 13
	TIMESFLOAT  shift 14
	SUCC  shift 15
	PRED  shift 16
	ISZERO  shift 17
	INERT  shift 18
	ACQUIRE  shift 19
	FORK  shift 20
	WAIT  shift 21
	MUTEX  shift 22
	LCID  shift 44
	INTV  shift 25
	FLOATV  shift 26
	STRINGV  shift 27
	BANG  shift 28
	LCURLY  shift 30
	LPAREN  shift 31
	LT  shift 32
	.  error

	Term  goto 194
	AppTerm  goto 36
	PathTerm  goto 37
	AscribeTerm  goto 38
	ATerm  goto 39


state 171
	AppTerm : REF LT MutexFields GT PathTerm .  (56)
	PathTerm : PathTerm . DOT LCID  (65)
	PathTerm : PathTerm . DOT INTV  (66)

	DOT  shift 79
	UNIT  reduce 56
	OF  reduce 56
	IN  reduce 56
	THEN  reduce 56
	ELSE  reduce 56
	TRUE  reduce 56
	FALSE  reduce 56
	INERT  reduce 56
	FORK  reduce 56
	MUTEX  reduce 56
	LCID  reduce 56
	INTV  reduce 56
	FLOATV  reduce 56
	STRINGV  reduce 56
	COLONEQ  reduce 56
	COMMA  reduce 56
	GT  reduce 56
	LCURLY  reduce 56
	LPAREN  reduce 56
	LT  reduce 56
	RCURLY  reduce 56
	RPAREN  reduce 56
	SEMI  reduce 56
	VBAR  reduce 56


state 172
	Case : LT LCID . EQ LCID GT DDARROW AppTerm  (85)

	EQ  shift 195
	.  error


state 173
	Cases : Case VBAR . Cases  (84)

	LT  shift 133
	.  error

	Cases  goto 196
	Case  goto 135


state 174
	Term : LET LCID EQ Term IN . Term  (39)

	LAMBDA  shift 4
	UNIT  shift 5
	REF  shift 6
	CASE  shift 7
	LET  shift 8
	FIX  shift 9
	LETREC  shift 10
	IF  shift 11
	TRUE  shift 12
	FALSE  shift 13
	TIMESFLOAT  shift 14
	SUCC  shift 15
	PRED  shift 16
	ISZERO  shift 17
	INERT  shift 18
	ACQUIRE  shift 19
	FORK  shift 20
	WAIT  shift 21
	MUTEX  shift 22
	LCID  shift 44
	INTV  shift 25
	FLOATV  shift 26
	STRINGV  shift 27
	BANG  shift 28
	LCURLY  shift 30
	LPAREN  shift 31
	LT  shift 32
	.  error

	Term  goto 197
	AppTerm  goto 36
	PathTerm  goto 37
	AscribeTerm  goto 38
	ATerm  goto 39


state 175
	Term : LET USCORE EQ Term IN . Term  (40)

	LAMBDA  shift 4
	UNIT  shift 5
	REF  shift 6
	CASE  shift 7
	LET  shift 8
	FIX  shift 9
	LETREC  shift 10
	IF  shift 11
	TRUE  shift 12
	FALSE  shift 13
	TIMESFLOAT  shift 14
	SUCC  shift 15
	PRED  shift 16
	ISZERO  shift 17
	INERT  shift 18
	ACQUIRE  shift 19
	FORK  shift 20
	WAIT  shift 21
	MUTEX  shift 22
	LCID  shift 44
	INTV  shift 25
	FLOATV  shift 26
	STRINGV  shift 27
	BANG  shift 28
	LCURLY  shift 30
	LPAREN  shift 31
	LT  shift 32
	.  error

	Term  goto 198
	AppTerm  goto 36
	PathTerm  goto 37
	AscribeTerm  goto 38
	ATerm  goto 39


state 176
	Term : LETREC LCID COLON Type EQ . Term IN Term  (41)

	LAMBDA  shift 4
	UNIT  shift 5
	REF  shift 6
	CASE  shift 7
	LET  shift 8
	FIX  shift 9
	LETREC  shift 10
	IF  shift 11
	TRUE  shift 12
	FALSE  shift 13
	TIMESFLOAT  shift 14
	SUCC  shift 15
	PRED  shift 16
	ISZERO  shift 17
	INERT  shift 18
	ACQUIRE  shift 19
	FORK  shift 20
	WAIT  shift 21
	MUTEX  shift 22
	LCID  shift 44
	INTV  shift 25
	FLOATV  shift 26
	STRINGV  shift 27
	BANG  shift 28
	LCURLY  shift 30
	LPAREN  shift 31
	LT  shift 32
	.  error

	Term  goto 199
	AppTerm  goto 36
	PathTerm  goto 37
	AscribeTerm  goto 38
	ATerm  goto 39


state 177
	Term : IF Term THEN Term ELSE . Term  (42)

	LAMBDA  shift 4
	UNIT  shift 5
	REF  shift 6
	CASE  shift 7
	LET  shift 8
	FIX  shift 9
	LETREC  shift 10
	IF  shift 11
	TRUE  shift 12
	FALSE  shift 13
	TIMESFLOAT  shift 14
	SUCC  shift 15
	PRED  shift 16
	ISZERO  shift 17
	INERT  shift 18
	ACQUIRE  shift 19
	FORK  shift 20
	WAIT  shift 21
	MUTEX  shift 22
	LCID  shift 44
	INTV  shift 25
	FLOATV  shift 26
	STRINGV  shift 27
	BANG  shift 28
	LCURLY  shift 30
	LPAREN  shift 31
	LT  shift 32
	.  error

	Term  goto 200
	AppTerm  goto 36
	PathTerm  goto 37
	AscribeTerm  goto 38
	ATerm  goto 39


178: shift/reduce conflict (shift 129, reduce 25) on COMMA
178: reduce/reduce conflict (reduce 25, reduce 94) on GT
state 178
	AType : UCID .  (25)
	MutexFields : UCID .  (94)
	MutexFields : UCID . COMMA MutexFields  (95)

	COMMA  shift 129
	ARROW  reduce 25
	GT  reduce 25
	LSQUARE  reduce 25
	LT  reduce 25


state 179
	Type : RREF LT MutexFields . GT AType  (14)

	GT  shift 201
	.  error


state 180
	Type : SSOURCE LT MutexFields . GT AType  (15)

	GT  shift 202
	.  error


state 181
	Type : SSINK LT MutexFields . GT AType  (16)

	GT  shift 203
	.  error


state 182
	FieldType : LCID COLON . Type  (63)

	TBOT  shift 92
	TTOP  shift 93
	USTRING  shift 94
	UUNIT  shift 95
	RREF  shift 96
	BOOL  shift 97
	SSOURCE  shift 98
	SSINK  shift 99
	UFLOAT  shift 100
	NAT  shift 101
	THREAD  shift 102
	MUTEX  shift 103
	UCID  shift 104
	LCURLY  shift 105
	LPAREN  shift 106
	LT  shift 107
	.  error

	Type  goto 204
	ArrowType  goto 109
	AType  goto 110


state 183
	AType : LCURLY FieldTypes RCURLY .  (26)

	.  reduce 26


state 184
	NEFieldTypes : FieldType COMMA . NEFieldTypes  (62)

	TBOT  shift 92
	TTOP  shift 93
	USTRING  shift 94
	UUNIT  shift 95
	RREF  shift 96
	BOOL  shift 97
	SSOURCE  shift 98
	SSINK  shift 99
	UFLOAT  shift 100
	NAT  shift 101
	THREAD  shift 102
	MUTEX  shift 103
	UCID  shift 104
	LCID  shift 148
	LCURLY  shift 105
	LPAREN  shift 106
	LT  shift 107
	.  error

	Type  goto 149
	ArrowType  goto 109
	AType  goto 110
	NEFieldTypes  goto 205
	FieldType  goto 152


state 185
	AType : LPAREN Type RPAREN .  (18)

	.  reduce 18


state 186
	AType : LT FieldTypes GT .  (23)

	.  reduce 23


state 187
	ArrowType : AType ARROW ArrowType .  (29)

	.  reduce 29


state 188
	ArrowType : AType LSQUARE UCID . RSQUARE ARROW ArrowType  (31)

	RSQUARE  shift 206
	.  error


state 189
	ArrowType : AType LT MutexFields . GT ARROW ArrowType  (30)
	ArrowType : AType LT MutexFields . GT LSQUARE UCID RSQUARE ARROW ArrowType  (32)

	GT  shift 207
	.  error


state 190
	ATerm : LT LCID EQ Term GT . AS Type  (74)

	AS  shift 208
	.  error


state 191
	Term : LAMBDA LCID COLON Type DOT Term .  (35)

	.  reduce 35


state 192
	Term : LAMBDA LT MutexFields GT LCID COLON . Type DOT Term  (44)

	TBOT  shift 92
	TTOP  shift 93
	USTRING  shift 94
	UUNIT  shift 95
	RREF  shift 96
	BOOL  shift 97
	SSOURCE  shift 98
	SSINK  shift 99
	UFLOAT  shift 100
	NAT  shift 101
	THREAD  shift 102
	MUTEX  shift 103
	UCID  shift 104
	LCURLY  shift 105
	LPAREN  shift 106
	LT  shift 107
	.  error

	Type  goto 209
	ArrowType  goto 109
	AType  goto 110


state 193
	Term : LAMBDA LT MutexFields GT USCORE COLON . Type DOT Term  (45)

	TBOT  shift 92
	TTOP  shift 93
	USTRING  shift 94
	UUNIT  shift 95
	RREF  shift 96
	BOOL  shift 97
	SSOURCE  shift 98
	SSINK  shift 99
	UFLOAT  shift 100
	NAT  shift 101
	THREAD  shift 102
	MUTEX  shift 103
	UCID  shift 104
	LCURLY  shift 105
	LPAREN  shift 106
	LT  shift 107
	.  error

	Type  goto 210
	ArrowType  goto 109
	AType  goto 110


state 194
	Term : LAMBDA USCORE COLON Type DOT Term .  (36)

	.  reduce 36


state 195
	Case : LT LCID EQ . LCID GT DDARROW AppTerm  (85)

	LCID  shift 211
	.  error


state 196
	Cases : Case VBAR Cases .  (84)

	.  reduce 84


state 197
	Term : LET LCID EQ Term IN Term .  (39)

	.  reduce 39


state 198
	Term : LET USCORE EQ Term IN Term .  (40)

	.  reduce 40


state 199
	Term : LETREC LCID COLON Type EQ Term . IN Term  (41)

	IN  shift 212
	.  error


state 200
	Term : IF Term THEN Term ELSE Term .  (42)

	.  reduce 42


state 201
	Type : RREF LT MutexFields GT . AType  (14)

	TBOT  shift 92
	TTOP  shift 93
	USTRING  shift 94
	UUNIT  shift 95
	BOOL  shift 97
	UFLOAT  shift 100
	NAT  shift 101
	UCID  shift 104
	LCURLY  shift 105
	LPAREN  shift 106
	LT  shift 107
	.  error

	AType  goto 213


state 202
	Type : SSOURCE LT MutexFields GT . AType  (15)

	TBOT  shift 92
	TTOP  shift 93
	USTRING  shift 94
	UUNIT  shift 95
	BOOL  shift 97
	UFLOAT  shift 100
	NAT  shift 101
	UCID  shift 104
	LCURLY  shift 105
	LPAREN  shift 106
	LT  shift 107
	.  error

	AType  goto 214


state 203
	Type : SSINK LT MutexFields GT . AType  (16)

	TBOT  shift 92
	TTOP  shift 93
	USTRING  shift 94
	UUNIT  shift 95
	BOOL  shift 97
	UFLOAT  shift 100
	NAT  shift 101
	UCID  shift 104
	LCURLY  shift 105
	LPAREN  shift 106
	LT  shift 107
	.  error

	AType  goto 215


state 204
	FieldType : LCID COLON Type .  (63)

	.  reduce 63


state 205
	NEFieldTypes : FieldType COMMA NEFieldTypes .  (62)

	.  reduce 62


state 206
	ArrowType : AType LSQUARE UCID RSQUARE . ARROW ArrowType  (31)

	ARROW  shift 216
	.  error


state 207
	ArrowType : AType LT MutexFields GT . ARROW ArrowType  (30)
	ArrowType : AType LT MutexFields GT . LSQUARE UCID RSQUARE ARROW ArrowType  (32)

	ARROW  shift 217
	LSQUARE  shift 218
	.  error


state 208
	ATerm : LT LCID EQ Term GT AS . Type  (74)

	TBOT  shift 92
	TTOP  shift 93
	USTRING  shift 94
	UUNIT  shift 95
	RREF  shift 96
	BOOL  shift 97
	SSOURCE  shift 98
	SSINK  shift 99
	UFLOAT  shift 100
	NAT  shift 101
	THREAD  shift 102
	MUTEX  shift 103
	UCID  shift 104
	LCURLY  shift 105
	LPAREN  shift 106
	LT  shift 107
	.  error

	Type  goto 219
	ArrowType  goto 109
	AType  goto 110


state 209
	Term : LAMBDA LT MutexFields GT LCID COLON Type . DOT Term  (44)

	DOT  shift 220
	.  error


state 210
	Term : LAMBDA LT MutexFields GT USCORE COLON Type . DOT Term  (45)

	DOT  shift 221
	.  error


state 211
	Case : LT LCID EQ LCID . GT DDARROW AppTerm  (85)

	GT  shift 222
	.  error


state 212
	Term : LETREC LCID COLON Type EQ Term IN . Term  (41)

	LAMBDA  shift 4
	UNIT  shift 5
	REF  shift 6
	CASE  shift 7
	LET  shift 8
	FIX  shift 9
	LETREC  shift 10
	IF  shift 11
	TRUE  shift 12
	FALSE  shift 13
	TIMESFLOAT  shift 14
	SUCC  shift 15
	PRED  shift 16
	ISZERO  shift 17
	INERT  shift 18
	ACQUIRE  shift 19
	FORK  shift 20
	WAIT  shift 21
	MUTEX  shift 22
	LCID  shift 44
	INTV  shift 25
	FLOATV  shift 26
	STRINGV  shift 27
	BANG  shift 28
	LCURLY  shift 30
	LPAREN  shift 31
	LT  shift 32
	.  error

	Term  goto 223
	AppTerm  goto 36
	PathTerm  goto 37
	AscribeTerm  goto 38
	ATerm  goto 39


state 213
	Type : RREF LT MutexFields GT AType .  (14)

	.  reduce 14


state 214
	Type : SSOURCE LT MutexFields GT AType .  (15)

	.  reduce 15


state 215
	Type : SSINK LT MutexFields GT AType .  (16)

	.  reduce 16


state 216
	ArrowType : AType LSQUARE UCID RSQUARE ARROW . ArrowType  (31)

	TBOT  shift 92
	TTOP  shift 93
	USTRING  shift 94
	UUNIT  shift 95
	BOOL  shift 97
	UFLOAT  shift 100
	NAT  shift 101
	UCID  shift 104
	LCURLY  shift 105
	LPAREN  shift 106
	LT  shift 107
	.  error

	ArrowType  goto 224
	AType  goto 110


state 217
	ArrowType : AType LT MutexFields GT ARROW . ArrowType  (30)

	TBOT  shift 92
	TTOP  shift 93
	USTRING  shift 94
	UUNIT  shift 95
	BOOL  shift 97
	UFLOAT  shift 100
	NAT  shift 101
	UCID  shift 104
	LCURLY  shift 105
	LPAREN  shift 106
	LT  shift 107
	.  error

	ArrowType  goto 225
	AType  goto 110


state 218
	ArrowType : AType LT MutexFields GT LSQUARE . UCID RSQUARE ARROW ArrowType  (32)

	UCID  shift 226
	.  error


state 219
	ATerm : LT LCID EQ Term GT AS Type .  (74)

	.  reduce 74


state 220
	Term : LAMBDA LT MutexFields GT LCID COLON Type DOT . Term  (44)

	LAMBDA  shift 4
	UNIT  shift 5
	REF  shift 6
	CASE  shift 7
	LET  shift 8
	FIX  shift 9
	LETREC  shift 10
	IF  shift 11
	TRUE  shift 12
	FALSE  shift 13
	TIMESFLOAT  shift 14
	SUCC  shift 15
	PRED  shift 16
	ISZERO  shift 17
	INERT  shift 18
	ACQUIRE  shift 19
	FORK  shift 20
	WAIT  shift 21
	MUTEX  shift 22
	LCID  shift 44
	INTV  shift 25
	FLOATV  shift 26
	STRINGV  shift 27
	BANG  shift 28
	LCURLY  shift 30
	LPAREN  shift 31
	LT  shift 32
	.  error

	Term  goto 227
	AppTerm  goto 36
	PathTerm  goto 37
	AscribeTerm  goto 38
	ATerm  goto 39


state 221
	Term : LAMBDA LT MutexFields GT USCORE COLON Type DOT . Term  (45)

	LAMBDA  shift 4
	UNIT  shift 5
	REF  shift 6
	CASE  shift 7
	LET  shift 8
	FIX  shift 9
	LETREC  shift 10
	IF  shift 11
	TRUE  shift 12
	FALSE  shift 13
	TIMESFLOAT  shift 14
	SUCC  shift 15
	PRED  shift 16
	ISZERO  shift 17
	INERT  shift 18
	ACQUIRE  shift 19
	FORK  shift 20
	WAIT  shift 21
	MUTEX  shift 22
	LCID  shift 44
	INTV  shift 25
	FLOATV  shift 26
	STRINGV  shift 27
	BANG  shift 28
	LCURLY  shift 30
	LPAREN  shift 31
	LT  shift 32
	.  error

	Term  goto 228
	AppTerm  goto 36
	PathTerm  goto 37
	AscribeTerm  goto 38
	ATerm  goto 39


state 222
	Case : LT LCID EQ LCID GT . DDARROW AppTerm  (85)

	DDARROW  shift 229
	.  error


state 223
	Term : LETREC LCID COLON Type EQ Term IN Term .  (41)

	.  reduce 41


state 224
	ArrowType : AType LSQUARE UCID RSQUARE ARROW ArrowType .  (31)

	.  reduce 31


state 225
	ArrowType : AType LT MutexFields GT ARROW ArrowType .  (30)

	.  reduce 30


state 226
	ArrowType : AType LT MutexFields GT LSQUARE UCID . RSQUARE ARROW ArrowType  (32)

	RSQUARE  shift 230
	.  error


state 227
	Term : LAMBDA LT MutexFields GT LCID COLON Type DOT Term .  (44)

	.  reduce 44


state 228
	Term : LAMBDA LT MutexFields GT USCORE COLON Type DOT Term .  (45)

	.  reduce 45


state 229
	Case : LT LCID EQ LCID GT DDARROW . AppTerm  (85)

	UNIT  shift 5
	REF  shift 6
	FIX  shift 9
	TRUE  shift 12
	FALSE  shift 13
	TIMESFLOAT  shift 14
	SUCC  shift 15
	PRED  shift 16
	ISZERO  shift 17
	INERT  shift 18
	FORK  shift 20
	WAIT  shift 21
	MUTEX  shift 22
	LCID  shift 44
	INTV  shift 25
	FLOATV  shift 26
	STRINGV  shift 27
	BANG  shift 28
	LCURLY  shift 30
	LPAREN  shift 31
	LT  shift 32
	.  error

	AppTerm  goto 231
	PathTerm  goto 37
	AscribeTerm  goto 38
	ATerm  goto 39


state 230
	ArrowType : AType LT MutexFields GT LSQUARE UCID RSQUARE . ARROW ArrowType  (32)

	ARROW  shift 232
	.  error


state 231
	AppTerm : AppTerm . PathTerm  (47)
	Case : LT LCID EQ LCID GT DDARROW AppTerm .  (85)

	UNIT  shift 5
	TRUE  shift 12
	FALSE  shift 13
	INERT  shift 18
	FORK  shift 20
	MUTEX  shift 22
	LCID  shift 44
	INTV  shift 25
	FLOATV  shift 26
	STRINGV  shift 27
	LCURLY  shift 30
	LPAREN  shift 31
	LT  shift 32
	OF  reduce 85
	IN  reduce 85
	THEN  reduce 85
	ELSE  reduce 85
	COMMA  reduce 85
	GT  reduce 85
	RCURLY  reduce 85
	RPAREN  reduce 85
	SEMI  reduce 85
	VBAR  reduce 85

	PathTerm  goto 78
	AscribeTerm  goto 38
	ATerm  goto 39


state 232
	ArrowType : AType LT MutexFields GT LSQUARE UCID RSQUARE ARROW . ArrowType  (32)

	TBOT  shift 92
	TTOP  shift 93
	USTRING  shift 94
	UUNIT  shift 95
	BOOL  shift 97
	UFLOAT  shift 100
	NAT  shift 101
	UCID  shift 104
	LCURLY  shift 105
	LPAREN  shift 106
	LT  shift 107
	.  error

	ArrowType  goto 233
	AType  goto 110


state 233
	ArrowType : AType LT MutexFields GT LSQUARE UCID RSQUARE ARROW ArrowType .  (32)

	.  reduce 32


State 110 contains 1 shift/reduce conflict.
State 178 contains 1 shift/reduce conflict, 1 reduce/reduce conflict.


85 terminals, 24 nonterminals
97 grammar rules, 234 states
